Warning[205] D:\MPLAB PROGS\ASM\ADC\ADCONVERTOR.ASM 2 : Found directive in column 1. (org)
Warning[203] D:\MPLAB PROGS\ASM\ADC\ADCONVERTOR.ASM 3 : Found opcode in column 1. (goto)
Warning[205] D:\MPLAB PROGS\ASM\ADC\ADCONVERTOR.ASM 4 : Found directive in column 1. (org)
Warning[203] D:\MPLAB PROGS\ASM\ADC\ADCONVERTOR.ASM 5 : Found opcode in column 1. (goto)
Warning[203] D:\MPLAB PROGS\ASM\ADC\ADCONVERTOR.ASM 7 : Found opcode in column 1. (CLRF)
Warning[203] D:\MPLAB PROGS\ASM\ADC\ADCONVERTOR.ASM 8 : Found opcode in column 1. (CLRF)
Warning[203] D:\MPLAB PROGS\ASM\ADC\ADCONVERTOR.ASM 9 : Found opcode in column 1. (MOVLW)
Warning[205] D:\MPLAB PROGS\ASM\ADC\ADCONVERTOR.ASM 10 : Found directive in column 1. (BANKSEL)
Warning[203] D:\MPLAB PROGS\ASM\ADC\ADCONVERTOR.ASM 11 : Found opcode in column 1. (MOVWF)
Message[302] D:\MPLAB PROGS\ASM\ADC\ADCONVERTOR.ASM 11 : Register in operand not in bank 0.  Ensure that bank bits are correct.
Warning[203] D:\MPLAB PROGS\ASM\ADC\ADCONVERTOR.ASM 15 : Found opcode in column 1. (MOVWF)
Message[302] D:\MPLAB PROGS\ASM\ADC\ADCONVERTOR.ASM 15 : Register in operand not in bank 0.  Ensure that bank bits are correct.
Warning[203] D:\MPLAB PROGS\ASM\ADC\ADCONVERTOR.ASM 17 : Found opcode in column 1. (MOVLW)
Warning[205] D:\MPLAB PROGS\ASM\ADC\ADCONVERTOR.ASM 18 : Found directive in column 1. (BANKSEL)
Warning[203] D:\MPLAB PROGS\ASM\ADC\ADCONVERTOR.ASM 19 : Found opcode in column 1. (MOVWF)
Warning[203] D:\MPLAB PROGS\ASM\ADC\ADCONVERTOR.ASM 21 : Found opcode in column 1. (BSF)
Error[128]   D:\MPLAB PROGS\ASM\ADC\ADCONVERTOR.ASM 21 : Missing argument(s)
Warning[203] D:\MPLAB PROGS\ASM\ADC\ADCONVERTOR.ASM 23 : Found opcode in column 1. (GOTO)
Warning[205] D:\MPLAB PROGS\ASM\ADC\ADCONVERTOR.ASM 25 : Found directive in column 1. (BANKSEL)
Warning[204] D:\MPLAB PROGS\ASM\ADC\ADCONVERTOR.ASM 26 : Found pseudo-op in column 1. (MOVFW)
Warning[203] D:\MPLAB PROGS\ASM\ADC\ADCONVERTOR.ASM 27 : Found opcode in column 1. (MOVWF)
Warning[205] D:\MPLAB PROGS\ASM\ADC\ADCONVERTOR.ASM 29 : Found directive in column 1. (BANKSEL)
Warning[204] D:\MPLAB PROGS\ASM\ADC\ADCONVERTOR.ASM 30 : Found pseudo-op in column 1. (MOVFW)
Message[302] D:\MPLAB PROGS\ASM\ADC\ADCONVERTOR.ASM 30 : Register in operand not in bank 0.  Ensure that bank bits are correct.
Warning[203] D:\MPLAB PROGS\ASM\ADC\ADCONVERTOR.ASM 31 : Found opcode in column 1. (MOVWF)
Error[129]   D:\MPLAB PROGS\ASM\ADC\ADCONVERTOR.ASM 34 : Expected (END)
